<?xml version="1.0" encoding="UTF-8"?>
<!-- Generated by org.testng.reporters.JUnitReportReporter -->
<testsuite hostname="DESKTOP-4175911" failures="0" tests="2" name="demo.framework.test.LogicTest" time="17.784" errors="0" timestamp="2022-04-28T22:39:07 IST" skipped="0">
  <testcase classname="demo.framework.test.LogicTest" name="login" time="6.397"/>
  <system-out/>
  <testcase classname="demo.framework.test.LogicTest" name="login" time="11.387"/>
  <system-out/>
</testsuite> <!-- demo.framework.test.LogicTest -->
