<?xml version="1.0" encoding="UTF-8"?>
<!-- Generated by org.testng.reporters.JUnitReportReporter -->
<testsuite hostname="DESKTOP-4175911" failures="0" tests="1" name="demo.framework.test.FourTest" time="0.001" errors="0" timestamp="2022-04-27T18:24:30 IST" skipped="0">
  <testcase classname="demo.framework.test.FourTest" name="fourtest" time="0.001"/>
  <system-out/>
</testsuite> <!-- demo.framework.test.FourTest -->
