<?xml version="1.0" encoding="UTF-8"?>
<!-- Generated by org.testng.reporters.JUnitReportReporter -->
<testsuite hostname="DESKTOP-4175911" failures="0" tests="1" name="demo.framework.test.TwoTest" time="0.011" errors="0" timestamp="2022-04-27T18:24:30 IST" skipped="0">
  <testcase classname="demo.framework.test.TwoTest" name="testtwo" time="0.011"/>
  <system-out/>
</testsuite> <!-- demo.framework.test.TwoTest -->
