<?xml version="1.0" encoding="UTF-8"?>
<!-- Generated by org.testng.reporters.JUnitReportReporter -->
<testsuite hostname="DESKTOP-4175911" failures="0" tests="2" name="demo.framework.test.LogicTest" time="34.431" errors="0" timestamp="2022-04-27T18:24:30 IST" skipped="0">
  <testcase classname="demo.framework.test.LogicTest" name="login" time="13.478"/>
  <system-out/>
  <testcase classname="demo.framework.test.LogicTest" name="login" time="20.953"/>
  <system-out/>
</testsuite> <!-- demo.framework.test.LogicTest -->
